[debug] [2022-04-26T10:07:14.084Z] ----------------------------------------------------------------------
[debug] [2022-04-26T10:07:14.085Z] Command:       /opt/homebrew/Cellar/node/18.0.0/bin/node /opt/homebrew/bin/firebase init
[debug] [2022-04-26T10:07:14.085Z] CLI Version:   10.7.1
[debug] [2022-04-26T10:07:14.085Z] Platform:      darwin
[debug] [2022-04-26T10:07:14.085Z] Node Version:  v18.0.0
[debug] [2022-04-26T10:07:14.091Z] Time:          Tue Apr 26 2022 03:07:14 GMT-0700 (Pacific Daylight Time)
[debug] [2022-04-26T10:07:14.091Z] ----------------------------------------------------------------------
[debug] 
[debug] [2022-04-26T10:07:14.094Z] > command requires scopes: ["email","openid","https://www.googleapis.com/auth/cloudplatformprojects.readonly","https://www.googleapis.com/auth/firebase","https://www.googleapis.com/auth/cloud-platform"]
[debug] [2022-04-26T10:07:14.094Z] > authorizing via signed-in user (nisargpatel2098@gmail.com)
[info] 
     ######## #### ########  ######## ########     ###     ######  ########
     ##        ##  ##     ## ##       ##     ##  ##   ##  ##       ##
     ######    ##  ########  ######   ########  #########  ######  ######
     ##        ##  ##    ##  ##       ##     ## ##     ##       ## ##
     ##       #### ##     ## ######## ########  ##     ##  ######  ########

You're about to initialize a Firebase project in this directory:

  /Users/nisargpatel/Django-Dialogflow-GoogleVisionAPI

[info] 
=== Project Setup
[info] 
[info] First, let's associate this project directory with a Firebase project.
[info] You can create multiple project aliases by running firebase use --add, 
[info] but for now we'll just set up a default project.
[info] 
[debug] [2022-04-26T10:07:51.942Z] > refreshing access token with scopes: []
[debug] [2022-04-26T10:07:51.943Z] >>> HTTP REQUEST POST https://www.googleapis.com/oauth2/v3/token  
 <request body omitted>
[debug] [2022-04-26T10:07:52.523Z] <<< HTTP RESPONSE 200 {"expires":"Mon, 01 Jan 1990 00:00:00 GMT","date":"Tue, 26 Apr 2022 10:07:52 GMT","cache-control":"no-cache, no-store, max-age=0, must-revalidate","pragma":"no-cache","content-type":"application/json; charset=utf-8","vary":"X-Origin, Referer, Origin,Accept-Encoding","server":"scaffolding on HTTPServer2","x-xss-protection":"0","x-frame-options":"SAMEORIGIN","x-content-type-options":"nosniff","alt-svc":"h3=\":443\"; ma=2592000,h3-29=\":443\"; ma=2592000,h3-Q050=\":443\"; ma=2592000,h3-Q046=\":443\"; ma=2592000,h3-Q043=\":443\"; ma=2592000,quic=\":443\"; ma=2592000; v=\"46,43\"","accept-ranges":"none","transfer-encoding":"chunked"}
[debug] [2022-04-26T10:07:52.567Z] >>> [apiv2][query] GET https://firebase.googleapis.com/v1beta1/availableProjects pageSize=100
[debug] [2022-04-26T10:07:53.569Z] <<< [apiv2][status] GET https://firebase.googleapis.com/v1beta1/availableProjects 200
[debug] [2022-04-26T10:07:53.570Z] <<< [apiv2][body] GET https://firebase.googleapis.com/v1beta1/availableProjects [omitted]
[debug] [2022-04-26T10:07:58.280Z] > refreshing access token with scopes: ["email","https://www.googleapis.com/auth/cloud-platform","https://www.googleapis.com/auth/cloudplatformprojects.readonly","https://www.googleapis.com/auth/firebase","openid"]
[debug] [2022-04-26T10:07:58.280Z] >>> HTTP REQUEST POST https://www.googleapis.com/oauth2/v3/token  
 <request body omitted>
[debug] [2022-04-26T10:07:58.799Z] <<< HTTP RESPONSE 200 {"cache-control":"no-cache, no-store, max-age=0, must-revalidate","pragma":"no-cache","expires":"Mon, 01 Jan 1990 00:00:00 GMT","date":"Tue, 26 Apr 2022 10:07:58 GMT","content-type":"application/json; charset=utf-8","vary":"X-Origin, Referer, Origin,Accept-Encoding","server":"scaffolding on HTTPServer2","x-xss-protection":"0","x-frame-options":"SAMEORIGIN","x-content-type-options":"nosniff","alt-svc":"h3=\":443\"; ma=2592000,h3-29=\":443\"; ma=2592000,h3-Q050=\":443\"; ma=2592000,h3-Q046=\":443\"; ma=2592000,h3-Q043=\":443\"; ma=2592000,quic=\":443\"; ma=2592000; v=\"46,43\"","accept-ranges":"none","transfer-encoding":"chunked"}
[debug] [2022-04-26T10:07:58.844Z] >>> HTTP REQUEST POST https://firebase.googleapis.com/v1beta1/projects/vision-chatboat-abxh:addFirebase  
 
[debug] [2022-04-26T10:07:59.203Z] <<< HTTP RESPONSE 403 {"vary":"X-Origin, Referer, Origin,Accept-Encoding","content-type":"application/json; charset=UTF-8","date":"Tue, 26 Apr 2022 10:07:59 GMT","server":"ESF","cache-control":"private","x-xss-protection":"0","x-frame-options":"SAMEORIGIN","x-content-type-options":"nosniff","alt-svc":"h3=\":443\"; ma=2592000,h3-29=\":443\"; ma=2592000,h3-Q050=\":443\"; ma=2592000,h3-Q046=\":443\"; ma=2592000,h3-Q043=\":443\"; ma=2592000,quic=\":443\"; ma=2592000; v=\"46,43\"","accept-ranges":"none","transfer-encoding":"chunked"}
[debug] [2022-04-26T10:07:59.204Z] <<< HTTP RESPONSE BODY {"error":{"code":403,"message":"The caller does not have permission","status":"PERMISSION_DENIED"}}
[debug] [2022-04-26T10:07:59.206Z] HTTP Error: 403, The caller does not have permission
[debug] [2022-04-26T10:07:59.812Z] FirebaseError: HTTP Error: 403, The caller does not have permission
    at module.exports (/opt/homebrew/Cellar/firebase-cli/10.7.1/libexec/lib/node_modules/firebase-tools/lib/responseToError.js:47:12)
    at Request._callback (/opt/homebrew/Cellar/firebase-cli/10.7.1/libexec/lib/node_modules/firebase-tools/lib/api.js:41:35)
    at self.callback (/opt/homebrew/Cellar/firebase-cli/10.7.1/libexec/lib/node_modules/firebase-tools/node_modules/request/request.js:185:22)
    at Request.emit (node:events:527:28)
    at Request.emit (node:domain:475:12)
    at Request.<anonymous> (/opt/homebrew/Cellar/firebase-cli/10.7.1/libexec/lib/node_modules/firebase-tools/node_modules/request/request.js:1154:10)
    at Request.emit (node:events:527:28)
    at Request.emit (node:domain:475:12)
    at IncomingMessage.<anonymous> (/opt/homebrew/Cellar/firebase-cli/10.7.1/libexec/lib/node_modules/firebase-tools/node_modules/request/request.js:1076:12)
    at Object.onceWrapper (node:events:641:28)
    at IncomingMessage.emit (node:events:539:35)
    at IncomingMessage.emit (node:domain:475:12)
    at endReadableNT (node:internal/streams/readable:1344:12)
    at process.processTicksAndRejections (node:internal/process/task_queues:82:21)
[error] 
[error] Error: Failed to add Firebase to Google Cloud Platform project. See firebase-debug.log for more info.
[debug] [2022-04-26T10:08:47.970Z] ----------------------------------------------------------------------
[debug] [2022-04-26T10:08:47.970Z] Command:       /opt/homebrew/Cellar/node/18.0.0/bin/node /opt/homebrew/bin/firebase init
[debug] [2022-04-26T10:08:47.971Z] CLI Version:   10.7.1
[debug] [2022-04-26T10:08:47.971Z] Platform:      darwin
[debug] [2022-04-26T10:08:47.971Z] Node Version:  v18.0.0
[debug] [2022-04-26T10:08:47.975Z] Time:          Tue Apr 26 2022 03:08:47 GMT-0700 (Pacific Daylight Time)
[debug] [2022-04-26T10:08:47.975Z] ----------------------------------------------------------------------
[debug] 
[debug] [2022-04-26T10:08:47.977Z] > command requires scopes: ["email","openid","https://www.googleapis.com/auth/cloudplatformprojects.readonly","https://www.googleapis.com/auth/firebase","https://www.googleapis.com/auth/cloud-platform"]
[debug] [2022-04-26T10:08:47.978Z] > authorizing via signed-in user (nisargpatel2098@gmail.com)
[info] 
     ######## #### ########  ######## ########     ###     ######  ########
     ##        ##  ##     ## ##       ##     ##  ##   ##  ##       ##
     ######    ##  ########  ######   ########  #########  ######  ######
     ##        ##  ##    ##  ##       ##     ## ##     ##       ## ##
     ##       #### ##     ## ######## ########  ##     ##  ######  ########

You're about to initialize a Firebase project in this directory:

  /Users/nisargpatel/Django-Dialogflow-GoogleVisionAPI

[info] 
=== Project Setup
[info] 
[info] First, let's associate this project directory with a Firebase project.
[info] You can create multiple project aliases by running firebase use --add, 
[info] but for now we'll just set up a default project.
[info] 
[debug] [2022-04-26T10:08:59.513Z] > refreshing access token with scopes: []
[debug] [2022-04-26T10:08:59.514Z] >>> HTTP REQUEST POST https://www.googleapis.com/oauth2/v3/token  
 <request body omitted>
[debug] [2022-04-26T10:08:59.851Z] <<< HTTP RESPONSE 200 {"expires":"Mon, 01 Jan 1990 00:00:00 GMT","cache-control":"no-cache, no-store, max-age=0, must-revalidate","pragma":"no-cache","date":"Tue, 26 Apr 2022 10:08:59 GMT","content-type":"application/json; charset=utf-8","vary":"X-Origin, Referer, Origin,Accept-Encoding","server":"scaffolding on HTTPServer2","x-xss-protection":"0","x-frame-options":"SAMEORIGIN","x-content-type-options":"nosniff","alt-svc":"h3=\":443\"; ma=2592000,h3-29=\":443\"; ma=2592000,h3-Q050=\":443\"; ma=2592000,h3-Q046=\":443\"; ma=2592000,h3-Q043=\":443\"; ma=2592000,quic=\":443\"; ma=2592000; v=\"46,43\"","accept-ranges":"none","transfer-encoding":"chunked"}
[debug] [2022-04-26T10:08:59.898Z] >>> [apiv2][query] GET https://firebase.googleapis.com/v1beta1/availableProjects pageSize=100
[debug] [2022-04-26T10:09:00.538Z] <<< [apiv2][status] GET https://firebase.googleapis.com/v1beta1/availableProjects 200
[debug] [2022-04-26T10:09:00.538Z] <<< [apiv2][body] GET https://firebase.googleapis.com/v1beta1/availableProjects [omitted]
[debug] [2022-04-26T10:09:07.073Z] > refreshing access token with scopes: ["email","https://www.googleapis.com/auth/cloud-platform","https://www.googleapis.com/auth/cloudplatformprojects.readonly","https://www.googleapis.com/auth/firebase","openid"]
[debug] [2022-04-26T10:09:07.074Z] >>> HTTP REQUEST POST https://www.googleapis.com/oauth2/v3/token  
 <request body omitted>
[debug] [2022-04-26T10:09:07.570Z] <<< HTTP RESPONSE 200 {"date":"Tue, 26 Apr 2022 10:09:07 GMT","cache-control":"no-cache, no-store, max-age=0, must-revalidate","expires":"Mon, 01 Jan 1990 00:00:00 GMT","pragma":"no-cache","content-type":"application/json; charset=utf-8","vary":"X-Origin, Referer, Origin,Accept-Encoding","server":"scaffolding on HTTPServer2","x-xss-protection":"0","x-frame-options":"SAMEORIGIN","x-content-type-options":"nosniff","alt-svc":"h3=\":443\"; ma=2592000,h3-29=\":443\"; ma=2592000,h3-Q050=\":443\"; ma=2592000,h3-Q046=\":443\"; ma=2592000,h3-Q043=\":443\"; ma=2592000,quic=\":443\"; ma=2592000; v=\"46,43\"","accept-ranges":"none","transfer-encoding":"chunked"}
[debug] [2022-04-26T10:09:07.615Z] >>> HTTP REQUEST POST https://firebase.googleapis.com/v1beta1/projects/vision-chatboat-abxh:addFirebase  
 
[debug] [2022-04-26T10:09:08.051Z] <<< HTTP RESPONSE 403 {"vary":"X-Origin, Referer, Origin,Accept-Encoding","content-type":"application/json; charset=UTF-8","date":"Tue, 26 Apr 2022 10:09:08 GMT","server":"ESF","cache-control":"private","x-xss-protection":"0","x-frame-options":"SAMEORIGIN","x-content-type-options":"nosniff","alt-svc":"h3=\":443\"; ma=2592000,h3-29=\":443\"; ma=2592000,h3-Q050=\":443\"; ma=2592000,h3-Q046=\":443\"; ma=2592000,h3-Q043=\":443\"; ma=2592000,quic=\":443\"; ma=2592000; v=\"46,43\"","accept-ranges":"none","transfer-encoding":"chunked"}
[debug] [2022-04-26T10:09:08.051Z] <<< HTTP RESPONSE BODY {"error":{"code":403,"message":"The caller does not have permission","status":"PERMISSION_DENIED"}}
[debug] [2022-04-26T10:09:08.053Z] HTTP Error: 403, The caller does not have permission
[debug] [2022-04-26T10:09:08.536Z] FirebaseError: HTTP Error: 403, The caller does not have permission
    at module.exports (/opt/homebrew/Cellar/firebase-cli/10.7.1/libexec/lib/node_modules/firebase-tools/lib/responseToError.js:47:12)
    at Request._callback (/opt/homebrew/Cellar/firebase-cli/10.7.1/libexec/lib/node_modules/firebase-tools/lib/api.js:41:35)
    at self.callback (/opt/homebrew/Cellar/firebase-cli/10.7.1/libexec/lib/node_modules/firebase-tools/node_modules/request/request.js:185:22)
    at Request.emit (node:events:527:28)
    at Request.emit (node:domain:475:12)
    at Request.<anonymous> (/opt/homebrew/Cellar/firebase-cli/10.7.1/libexec/lib/node_modules/firebase-tools/node_modules/request/request.js:1154:10)
    at Request.emit (node:events:527:28)
    at Request.emit (node:domain:475:12)
    at IncomingMessage.<anonymous> (/opt/homebrew/Cellar/firebase-cli/10.7.1/libexec/lib/node_modules/firebase-tools/node_modules/request/request.js:1076:12)
    at Object.onceWrapper (node:events:641:28)
    at IncomingMessage.emit (node:events:539:35)
    at IncomingMessage.emit (node:domain:475:12)
    at endReadableNT (node:internal/streams/readable:1344:12)
    at process.processTicksAndRejections (node:internal/process/task_queues:82:21)
[error] 
[error] Error: Failed to add Firebase to Google Cloud Platform project. See firebase-debug.log for more info.
[debug] [2022-04-26T10:09:42.173Z] ----------------------------------------------------------------------
[debug] [2022-04-26T10:09:42.174Z] Command:       /opt/homebrew/Cellar/node/18.0.0/bin/node /opt/homebrew/bin/firebase init --debug
[debug] [2022-04-26T10:09:42.174Z] CLI Version:   10.7.1
[debug] [2022-04-26T10:09:42.174Z] Platform:      darwin
[debug] [2022-04-26T10:09:42.175Z] Node Version:  v18.0.0
[debug] [2022-04-26T10:09:42.178Z] Time:          Tue Apr 26 2022 03:09:42 GMT-0700 (Pacific Daylight Time)
[debug] [2022-04-26T10:09:42.178Z] ----------------------------------------------------------------------
[debug] 
[debug] [2022-04-26T10:09:42.180Z] > command requires scopes: ["email","openid","https://www.googleapis.com/auth/cloudplatformprojects.readonly","https://www.googleapis.com/auth/firebase","https://www.googleapis.com/auth/cloud-platform"]
[debug] [2022-04-26T10:09:42.181Z] > authorizing via signed-in user (nisargpatel2098@gmail.com)
[info] 
     ######## #### ########  ######## ########     ###     ######  ########
     ##        ##  ##     ## ##       ##     ##  ##   ##  ##       ##
     ######    ##  ########  ######   ########  #########  ######  ######
     ##        ##  ##    ##  ##       ##     ## ##     ##       ## ##
     ##       #### ##     ## ######## ########  ##     ##  ######  ########

You're about to initialize a Firebase project in this directory:

  /Users/nisargpatel/Django-Dialogflow-GoogleVisionAPI

[error] 
[error] Error: Must select at least one feature. Use SPACEBAR to select features, or specify a feature by running firebase init [feature_name]
[debug] [2022-04-26T10:09:59.183Z] ----------------------------------------------------------------------
[debug] [2022-04-26T10:09:59.184Z] Command:       /opt/homebrew/Cellar/node/18.0.0/bin/node /opt/homebrew/bin/firebase init --debug
[debug] [2022-04-26T10:09:59.184Z] CLI Version:   10.7.1
[debug] [2022-04-26T10:09:59.184Z] Platform:      darwin
[debug] [2022-04-26T10:09:59.184Z] Node Version:  v18.0.0
[debug] [2022-04-26T10:09:59.185Z] Time:          Tue Apr 26 2022 03:09:59 GMT-0700 (Pacific Daylight Time)
[debug] [2022-04-26T10:09:59.185Z] ----------------------------------------------------------------------
[debug] 
[debug] [2022-04-26T10:09:59.188Z] > command requires scopes: ["email","openid","https://www.googleapis.com/auth/cloudplatformprojects.readonly","https://www.googleapis.com/auth/firebase","https://www.googleapis.com/auth/cloud-platform"]
[debug] [2022-04-26T10:09:59.188Z] > authorizing via signed-in user (nisargpatel2098@gmail.com)
[info] 
     ######## #### ########  ######## ########     ###     ######  ########
     ##        ##  ##     ## ##       ##     ##  ##   ##  ##       ##
     ######    ##  ########  ######   ########  #########  ######  ######
     ##        ##  ##    ##  ##       ##     ## ##     ##       ## ##
     ##       #### ##     ## ######## ########  ##     ##  ######  ########

You're about to initialize a Firebase project in this directory:

  /Users/nisargpatel/Django-Dialogflow-GoogleVisionAPI

[info] 
=== Project Setup
[info] 
[info] First, let's associate this project directory with a Firebase project.
[info] You can create multiple project aliases by running firebase use --add, 
[info] but for now we'll just set up a default project.
[info] 
[debug] [2022-04-26T10:10:36.769Z] > refreshing access token with scopes: []
[debug] [2022-04-26T10:10:36.772Z] >>> HTTP REQUEST POST https://www.googleapis.com/oauth2/v3/token  
 <request body omitted>
[debug] [2022-04-26T10:10:37.316Z] <<< HTTP RESPONSE 200 {"expires":"Mon, 01 Jan 1990 00:00:00 GMT","date":"Tue, 26 Apr 2022 10:10:37 GMT","pragma":"no-cache","cache-control":"no-cache, no-store, max-age=0, must-revalidate","content-type":"application/json; charset=utf-8","vary":"X-Origin, Referer, Origin,Accept-Encoding","server":"scaffolding on HTTPServer2","x-xss-protection":"0","x-frame-options":"SAMEORIGIN","x-content-type-options":"nosniff","alt-svc":"h3=\":443\"; ma=2592000,h3-29=\":443\"; ma=2592000,h3-Q050=\":443\"; ma=2592000,h3-Q046=\":443\"; ma=2592000,h3-Q043=\":443\"; ma=2592000,quic=\":443\"; ma=2592000; v=\"46,43\"","accept-ranges":"none","transfer-encoding":"chunked"}
[debug] [2022-04-26T10:10:37.366Z] >>> [apiv2][query] GET https://firebase.googleapis.com/v1beta1/availableProjects pageSize=100
[debug] [2022-04-26T10:10:38.129Z] <<< [apiv2][status] GET https://firebase.googleapis.com/v1beta1/availableProjects 200
[debug] [2022-04-26T10:10:38.129Z] <<< [apiv2][body] GET https://firebase.googleapis.com/v1beta1/availableProjects [omitted]
[debug] [2022-04-26T10:10:51.285Z] > refreshing access token with scopes: ["email","https://www.googleapis.com/auth/cloud-platform","https://www.googleapis.com/auth/cloudplatformprojects.readonly","https://www.googleapis.com/auth/firebase","openid"]
[debug] [2022-04-26T10:10:51.286Z] >>> HTTP REQUEST POST https://www.googleapis.com/oauth2/v3/token  
 <request body omitted>
[debug] [2022-04-26T10:10:51.547Z] <<< HTTP RESPONSE 200 {"expires":"Mon, 01 Jan 1990 00:00:00 GMT","cache-control":"no-cache, no-store, max-age=0, must-revalidate","date":"Tue, 26 Apr 2022 10:10:51 GMT","pragma":"no-cache","content-type":"application/json; charset=utf-8","vary":"X-Origin, Referer, Origin,Accept-Encoding","server":"scaffolding on HTTPServer2","x-xss-protection":"0","x-frame-options":"SAMEORIGIN","x-content-type-options":"nosniff","alt-svc":"h3=\":443\"; ma=2592000,h3-29=\":443\"; ma=2592000,h3-Q050=\":443\"; ma=2592000,h3-Q046=\":443\"; ma=2592000,h3-Q043=\":443\"; ma=2592000,quic=\":443\"; ma=2592000; v=\"46,43\"","accept-ranges":"none","transfer-encoding":"chunked"}
[debug] [2022-04-26T10:10:51.589Z] >>> HTTP REQUEST POST https://firebase.googleapis.com/v1beta1/projects/vision-chatboat-abxh:addFirebase  
 
[debug] [2022-04-26T10:10:52.187Z] <<< HTTP RESPONSE 403 {"vary":"X-Origin, Referer, Origin,Accept-Encoding","content-type":"application/json; charset=UTF-8","date":"Tue, 26 Apr 2022 10:10:52 GMT","server":"ESF","cache-control":"private","x-xss-protection":"0","x-frame-options":"SAMEORIGIN","x-content-type-options":"nosniff","alt-svc":"h3=\":443\"; ma=2592000,h3-29=\":443\"; ma=2592000,h3-Q050=\":443\"; ma=2592000,h3-Q046=\":443\"; ma=2592000,h3-Q043=\":443\"; ma=2592000,quic=\":443\"; ma=2592000; v=\"46,43\"","accept-ranges":"none","transfer-encoding":"chunked"}
[debug] [2022-04-26T10:10:52.187Z] <<< HTTP RESPONSE BODY {"error":{"code":403,"message":"The caller does not have permission","status":"PERMISSION_DENIED"}}
[debug] [2022-04-26T10:10:52.190Z] HTTP Error: 403, The caller does not have permission
[debug] [2022-04-26T10:10:52.691Z] FirebaseError: HTTP Error: 403, The caller does not have permission
    at module.exports (/opt/homebrew/Cellar/firebase-cli/10.7.1/libexec/lib/node_modules/firebase-tools/lib/responseToError.js:47:12)
    at Request._callback (/opt/homebrew/Cellar/firebase-cli/10.7.1/libexec/lib/node_modules/firebase-tools/lib/api.js:41:35)
    at self.callback (/opt/homebrew/Cellar/firebase-cli/10.7.1/libexec/lib/node_modules/firebase-tools/node_modules/request/request.js:185:22)
    at Request.emit (node:events:527:28)
    at Request.emit (node:domain:475:12)
    at Request.<anonymous> (/opt/homebrew/Cellar/firebase-cli/10.7.1/libexec/lib/node_modules/firebase-tools/node_modules/request/request.js:1154:10)
    at Request.emit (node:events:527:28)
    at Request.emit (node:domain:475:12)
    at IncomingMessage.<anonymous> (/opt/homebrew/Cellar/firebase-cli/10.7.1/libexec/lib/node_modules/firebase-tools/node_modules/request/request.js:1076:12)
    at Object.onceWrapper (node:events:641:28)
    at IncomingMessage.emit (node:events:539:35)
    at IncomingMessage.emit (node:domain:475:12)
    at endReadableNT (node:internal/streams/readable:1344:12)
    at process.processTicksAndRejections (node:internal/process/task_queues:82:21)
[error] 
[error] Error: Failed to add Firebase to Google Cloud Platform project. See firebase-debug.log for more info.
